;  LST file generated by mikroListExporter - v.2.0 
; Date/Time: 10/25/2021 11:39:36 PM
;----------------------------------------------

;Address Opcode 	ASM
0x0000	0x282F      	GOTO       47
_UART1_Data_Ready:
;__Lib_UART_c67.c,16 :: 		
;__Lib_UART_c67.c,17 :: 		
0x0003	0x3000      	MOVLW      0
0x0004	0x1283      	BCF        STATUS, 5
0x0005	0x1303      	BCF        STATUS, 6
0x0006	0x1A8C      	BTFSC      PIR1, 5
0x0007	0x3001      	MOVLW      1
0x0008	0x00F0      	MOVWF      R0
;__Lib_UART_c67.c,18 :: 		
L_end_UART1_Data_Ready:
0x0009	0x0008      	RETURN
; end of _UART1_Data_Ready
_UART1_Init:
;__Lib_UART_c67.c,2 :: 		
;__Lib_UART_c67.c,5 :: 		
0x000A	0x1683      	BSF        STATUS, 5
0x000B	0x1303      	BCF        STATUS, 6
0x000C	0x1698      	BSF        TXSTA, 5
;__Lib_UART_c67.c,6 :: 		
0x000D	0x3090      	MOVLW      144
0x000E	0x1283      	BCF        STATUS, 5
0x000F	0x0098      	MOVWF      RCSTA
;__Lib_UART_c67.c,7 :: 		
0x0010	0x1683      	BSF        STATUS, 5
0x0011	0x1787      	BSF        TRISC7_bit, BitPos(TRISC7_bit+0)
;__Lib_UART_c67.c,8 :: 		
0x0012	0x1307      	BCF        TRISC6_bit, BitPos(TRISC6_bit+0)
;__Lib_UART_c67.c,10 :: 		
L_UART1_Init0:
0x0013	0x1283      	BCF        STATUS, 5
0x0014	0x1E8C      	BTFSS      PIR1, 5
0x0015	0x2819      	GOTO       L_UART1_Init1
;__Lib_UART_c67.c,11 :: 		
0x0016	0x081A      	MOVF       RCREG, 0
0x0017	0x00F0      	MOVWF      R0
0x0018	0x2813      	GOTO       L_UART1_Init0
L_UART1_Init1:
;__Lib_UART_c67.c,12 :: 		
L_end_UART1_Init:
0x0019	0x0008      	RETURN
; end of _UART1_Init
_UART1_Read:
;__Lib_UART_c67.c,21 :: 		
;__Lib_UART_c67.c,24 :: 		
0x001A	0x1283      	BCF        STATUS, 5
0x001B	0x1303      	BCF        STATUS, 6
0x001C	0x081A      	MOVF       RCREG, 0
0x001D	0x00F1      	MOVWF      R1
;__Lib_UART_c67.c,25 :: 		
0x001E	0x1C98      	BTFSS      RCSTA, 1
0x001F	0x2822      	GOTO       L_UART1_Read2
;__Lib_UART_c67.c,26 :: 		
0x0020	0x1218      	BCF        RCSTA, 4
;__Lib_UART_c67.c,27 :: 		
0x0021	0x1618      	BSF        RCSTA, 4
;__Lib_UART_c67.c,28 :: 		
L_UART1_Read2:
;__Lib_UART_c67.c,29 :: 		
0x0022	0x0871      	MOVF       R1, 0
0x0023	0x00F0      	MOVWF      R0
;__Lib_UART_c67.c,30 :: 		
L_end_UART1_Read:
0x0024	0x0008      	RETURN
; end of _UART1_Read
_UART1_Write:
;__Lib_UART_c67.c,39 :: 		
;__Lib_UART_c67.c,40 :: 		
L_UART1_Write3:
0x0025	0x1683      	BSF        STATUS, 5
0x0026	0x1303      	BCF        STATUS, 6
0x0027	0x1898      	BTFSC      TXSTA, 1
0x0028	0x282B      	GOTO       L_UART1_Write4
;__Lib_UART_c67.c,41 :: 		
0x0029	0x0000      	NOP
0x002A	0x2825      	GOTO       L_UART1_Write3
L_UART1_Write4:
;__Lib_UART_c67.c,42 :: 		
0x002B	0x1283      	BCF        STATUS, 5
0x002C	0x0823      	MOVF       FARG_UART1_Write_data_, 0
0x002D	0x0099      	MOVWF      TXREG
;__Lib_UART_c67.c,43 :: 		
L_end_UART1_Write:
0x002E	0x0008      	RETURN
; end of _UART1_Write
_main:
;DIO_v1.c,10 :: 		void main() {
;DIO_v1.c,12 :: 		TRISB = 0; // make port b as output
0x002F	0x1683      	BSF        STATUS, 5
0x0030	0x1303      	BCF        STATUS, 6
0x0031	0x0186      	CLRF       TRISB
;DIO_v1.c,13 :: 		PORTB = 0x55;
0x0032	0x3055      	MOVLW      85
0x0033	0x1283      	BCF        STATUS, 5
0x0034	0x0086      	MOVWF      PORTB
;DIO_v1.c,17 :: 		UART1_Init(9600);     // Init UART with baud rate 9600
0x0035	0x3033      	MOVLW      51
0x0036	0x1683      	BSF        STATUS, 5
0x0037	0x0099      	MOVWF      SPBRG
0x0038	0x1518      	BSF        TXSTA, 2
0x0039	0x200A      	CALL       _UART1_Init
;DIO_v1.c,20 :: 		while(1){
L_main0:
;DIO_v1.c,22 :: 		if(UART1_Data_Ready()){
0x003A	0x2003      	CALL       _UART1_Data_Ready
0x003B	0x0870      	MOVF       R0, 0
0x003C	0x1903      	BTFSC      STATUS, 2
0x003D	0x2844      	GOTO       L_main2
;DIO_v1.c,23 :: 		var = UART1_Read();
0x003E	0x201A      	CALL       _UART1_Read
0x003F	0x0870      	MOVF       R0, 0
0x0040	0x00A2      	MOVWF      main_var_L0
;DIO_v1.c,24 :: 		UART1_Write(var);
0x0041	0x0870      	MOVF       R0, 0
0x0042	0x00A3      	MOVWF      FARG_UART1_Write_data_
0x0043	0x2025      	CALL       _UART1_Write
;DIO_v1.c,25 :: 		}
L_main2:
;DIO_v1.c,27 :: 		if(var == '0'){
0x0044	0x0822      	MOVF       main_var_L0, 0
0x0045	0x3A30      	XORLW      48
0x0046	0x1D03      	BTFSS      STATUS, 2
0x0047	0x284B      	GOTO       L_main3
;DIO_v1.c,28 :: 		PORTB = 0b00111111;     // 7 Segment number 0
0x0048	0x303F      	MOVLW      63
0x0049	0x0086      	MOVWF      PORTB
;DIO_v1.c,30 :: 		}
0x004A	0x2851      	GOTO       L_main4
L_main3:
;DIO_v1.c,31 :: 		else if(var == '1') {
0x004B	0x0822      	MOVF       main_var_L0, 0
0x004C	0x3A31      	XORLW      49
0x004D	0x1D03      	BTFSS      STATUS, 2
0x004E	0x2851      	GOTO       L_main5
;DIO_v1.c,33 :: 		PORTB = 0b0000110 ;
0x004F	0x3006      	MOVLW      6
0x0050	0x0086      	MOVWF      PORTB
;DIO_v1.c,34 :: 		}
L_main5:
L_main4:
;DIO_v1.c,39 :: 		}
0x0051	0x283A      	GOTO       L_main0
;DIO_v1.c,40 :: 		}
L_end_main:
0x0052	0x2852      	GOTO       $+0
; end of _main
Symbol List:
//** Routines locations **
//ADDRESS    SIZE    PROCEDURE
//----------------------------------------------
0x0003       [7]    _UART1_Data_Ready
0x000A      [16]    _UART1_Init
0x001A      [11]    _UART1_Read
0x0025      [10]    _UART1_Write
0x002F      [36]    _main
//** Variables locations ** 
//ADDRESS    SIZE    VARIABLE
//----------------------------------------------
0x0000       [1]    INDF
0x0003       [1]    STATUS
0x0004       [1]    FSR
0x0006       [1]    PORTB
0x000A       [1]    PCLATH
0x000C       [1]    PIR1
0x0018       [1]    RCSTA
0x0019       [1]    TXREG
0x001A       [1]    RCREG
0x0020       [2]    ___DoICPAddr
0x0022       [1]    main_var_L0
0x0023       [1]    FARG_UART1_Write_data_
0x0070       [1]    R0
0x0071       [1]    R1
0x0072       [1]    R2
0x0073       [1]    R3
0x0074       [1]    R4
0x0075       [1]    R5
0x0076       [1]    R6
0x0077       [1]    R7
0x0078       [1]    R8
0x0079       [1]    R9
0x007A       [1]    R10
0x007B       [1]    R11
0x007C       [1]    R12
0x007D       [1]    R13
0x007E       [1]    R14
0x007F       [1]    R15
0x0086       [1]    TRISB
0x0087       [0]    TRISC7_bit
0x0087       [0]    TRISC6_bit
0x0098       [1]    TXSTA
0x0099       [1]    SPBRG
